<?xml version="1.0" encoding="UTF-8"?>
<!-- Generated by org.testng.reporters.JUnitReportReporter -->
<testsuite skipped="0" hostname="BLRL5CG0287TTQ" name="com.tmb.tests.DataProviderTest" tests="3" failures="0" timestamp="2022-08-01T22:53:27 IST" time="0.014" errors="0">
  <testcase name="dpTest" time="0.011" classname="com.tmb.tests.DataProviderTest"/>
  <system-out/>
  <testcase name="dpTest" time="0.001" classname="com.tmb.tests.DataProviderTest"/>
  <system-out/>
  <testcase name="dpTest" time="0.002" classname="com.tmb.tests.DataProviderTest"/>
  <system-out/>
</testsuite> <!-- com.tmb.tests.DataProviderTest -->
