<?xml version="1.0" encoding="UTF-8"?>
<!-- Generated by org.testng.reporters.JUnitReportReporter -->
<testsuite skipped="0" hostname="BLRL5CG0287TTQ" name="CompareFiles" tests="1" failures="0" timestamp="2022-03-28T14:52:42 IST" time="180.021" errors="0">
  <testcase name="CompareFilesUsingWinMerge" time="180.021" classname="CompareFiles"/>
  <system-out/>
</testsuite> <!-- CompareFiles -->
