<?xml version="1.0" encoding="UTF-8"?>
<!-- Generated by org.testng.reporters.JUnitReportReporter -->
<testsuite skipped="0" hostname="BLRL5CG0287TTQ" name="com.tmb.tests.PostTests" tests="3" failures="0" timestamp="2022-08-14T02:42:08 IST" time="5.535" errors="0">
  <testcase name="postCallTest" time="4.853" classname="com.tmb.tests.PostTests"/>
  <system-out/>
  <testcase name="postRequestUsingExternalFile1" time="0.620" classname="com.tmb.tests.PostTests"/>
  <system-out/>
  <testcase name="postRequestUsingExternalFile" time="0.062" classname="com.tmb.tests.PostTests"/>
  <system-out/>
</testsuite> <!-- com.tmb.tests.PostTests -->
