<?xml version="1.0" encoding="UTF-8"?>
<!-- Generated by org.testng.reporters.JUnitReportReporter -->
<testsuite skipped="0" hostname="BLRL5CG0287TTQ" name="com.tmb.tests.AssignmentTests" tests="1" failures="0" timestamp="2022-08-14T02:43:16 IST" time="7.241" errors="0">
  <testcase name="assignmentTest" time="7.241" classname="com.tmb.tests.AssignmentTests"/>
  <system-out/>
</testsuite> <!-- com.tmb.tests.AssignmentTests -->
