<?xml version="1.0" encoding="UTF-8"?>
<!-- Generated by org.testng.reporters.JUnitReportReporter -->
<testsuite skipped="0" hostname="BLRL5CG0287TTQ" name="com.tmb.tests.GetTests" tests="4" failures="0" timestamp="2022-08-14T02:43:16 IST" time="7.372" errors="0">
  <testcase name="getEmployeeDetail" time="0.077" classname="com.tmb.tests.GetTests"/>
  <system-out/>
  <testcase name="getEmployeeDetail" time="0.112" classname="com.tmb.tests.GetTests"/>
  <system-out/>
  <testcase name="getEmployeeDetail" time="7.077" classname="com.tmb.tests.GetTests"/>
  <system-out/>
  <testcase name="getEmployeeDetails" time="0.106" classname="com.tmb.tests.GetTests"/>
  <system-out/>
</testsuite> <!-- com.tmb.tests.GetTests -->
